#
# There is insufficient memory for the Java Runtime Environment to continue.
# Native memory allocation (malloc) failed to allocate 2007280 bytes for Chunk::new
# Possible reasons:
#   The system is out of physical RAM or swap space
#   The process is running with CompressedOops enabled, and the Java Heap may be blocking the growth of the native heap
# Possible solutions:
#   Reduce memory load on the system
#   Increase physical memory or swap space
#   Check if swap backing store is full
#   Decrease Java heap size (-Xmx/-Xms)
#   Decrease number of Java threads
#   Decrease Java thread stack sizes (-Xss)
#   Set larger code cache with -XX:ReservedCodeCacheSize=
#   JVM is running with Unscaled Compressed Oops mode in which the Java heap is
#     placed in the first 4GB address space. The Java Heap base address is the
#     maximum limit for the native heap growth. Please use -XX:HeapBaseMinAddress
#     to set the Java Heap base and to place the Java Heap above 4GB virtual address.
# This output file may be truncated or incomplete.
#
#  Out of Memory Error (allocation.cpp:389), pid=31676, tid=0x0000000000007c9c
#
# JRE version: Java(TM) SE Runtime Environment (8.0_301-b09) (build 1.8.0_301-b09)
# Java VM: Java HotSpot(TM) 64-Bit Server VM (25.301-b09 mixed mode windows-amd64 compressed oops)
# Failed to write core dump. Minidumps are not enabled by default on client versions of Windows
#

---------------  T H R E A D  ---------------

Current thread (0x000001c0a583c000):  JavaThread "C2 CompilerThread1" daemon [_thread_in_native, id=31900, stack(0x000000b8b9700000,0x000000b8b9800000)]

Stack: [0x000000b8b9700000,0x000000b8b9800000]
Native frames: (J=compiled Java code, j=interpreted, Vv=VM code, C=native code)
V  [jvm.dll+0x32ed79]
V  [jvm.dll+0x275722]
V  [jvm.dll+0x2763cd]
V  [jvm.dll+0x26ce05]
V  [jvm.dll+0xd551c]
V  [jvm.dll+0xd5d1c]
V  [jvm.dll+0x470195]
V  [jvm.dll+0x437e08]
V  [jvm.dll+0x440c55]
V  [jvm.dll+0x440015]
V  [jvm.dll+0x42ae57]
V  [jvm.dll+0xac1bb]
V  [jvm.dll+0xaa81b]
V  [jvm.dll+0x23ddc2]
V  [jvm.dll+0x2923dc]
C  [ucrtbase.dll+0x21bb2]
C  [KERNEL32.DLL+0x17034]
C  [ntdll.dll+0x52651]


Current CompileTask:
C2:   3163 1800       4       java.net.URLClassLoader$1::run (5 bytes)


---------------  P R O C E S S  ---------------

Java Threads: ( => current thread )
  0x000001c0a58c2800 JavaThread "Service Thread" daemon [_thread_blocked, id=11560, stack(0x000000b8b9900000,0x000000b8b9a00000)]
  0x000001c0a584a000 JavaThread "C1 CompilerThread2" daemon [_thread_blocked, id=33404, stack(0x000000b8b9800000,0x000000b8b9900000)]
=>0x000001c0a583c000 JavaThread "C2 CompilerThread1" daemon [_thread_in_native, id=31900, stack(0x000000b8b9700000,0x000000b8b9800000)]
  0x000001c0a5834800 JavaThread "C2 CompilerThread0" daemon [_thread_blocked, id=33056, stack(0x000000b8b9600000,0x000000b8b9700000)]
  0x000001c0a5833000 JavaThread "Attach Listener" daemon [_thread_blocked, id=33164, stack(0x000000b8b9500000,0x000000b8b9600000)]
  0x000001c0a5832000 JavaThread "Signal Dispatcher" daemon [_thread_blocked, id=32256, stack(0x000000b8b9400000,0x000000b8b9500000)]
  0x000001c0a50e4000 JavaThread "Finalizer" daemon [_thread_blocked, id=9780, stack(0x000000b8b9300000,0x000000b8b9400000)]
  0x000001c0a5816000 JavaThread "Reference Handler" daemon [_thread_blocked, id=31484, stack(0x000000b8b9200000,0x000000b8b9300000)]
  0x000001c091870800 JavaThread "main" [_thread_in_native, id=29096, stack(0x000000b8b8c00000,0x000000b8b8d00000)]

Other Threads:
  0x000001c0a57f3000 VMThread [stack: 0x000000b8b9100000,0x000000b8b9200000] [id=31240]
  0x000001c0a58e1800 WatcherThread [stack: 0x000000b8b9a00000,0x000000b8b9b00000] [id=30396]

VM state:not at safepoint (normal execution)

VM Mutex/Monitor currently owned by a thread: None

heap address: 0x00000000c4000000, size: 960 MB, Compressed Oops mode: 32-bit
Narrow klass base: 0x0000000000000000, Narrow klass shift: 3
Compressed class space size: 1073741824 Address: 0x0000000100000000

Heap:
 PSYoungGen      total 66560K, used 37013K [0x00000000ec000000, 0x00000000f0900000, 0x0000000100000000)
  eden space 59904K, 61% used [0x00000000ec000000,0x00000000ee425458,0x00000000efa80000)
  from space 6656K, 0% used [0x00000000efa80000,0x00000000efa80000,0x00000000f0100000)
  to   space 5120K, 0% used [0x00000000f0100000,0x00000000f0100000,0x00000000f0600000)
 ParOldGen       total 30720K, used 6842K [0x00000000c4000000, 0x00000000c5e00000, 0x00000000ec000000)
  object space 30720K, 22% used [0x00000000c4000000,0x00000000c46ae910,0x00000000c5e00000)
 Metaspace       used 26973K, capacity 27540K, committed 27904K, reserved 1073152K
  class space    used 3608K, capacity 3806K, committed 3840K, reserved 1048576K

Card table byte_map: [0x000001c0a24c0000,0x000001c0a26b0000] byte_map_base: 0x000001c0a1ea0000

Marking Bits: (ParMarkBitMap*) 0x00000000563a7fe0
 Begin Bits: [0x000001c0a27f0000, 0x000001c0a36f0000)
 End Bits:   [0x000001c0a36f0000, 0x000001c0a45f0000)

Polling page: 0x000001c091830000

CodeCache: size=245760Kb used=7231Kb max_used=7244Kb free=238528Kb
 bounds [0x000001c093100000, 0x000001c093820000, 0x000001c0a2100000]
 total_blobs=2572 nmethods=2091 adapters=393
 compilation: enabled

Compilation events (10 events):
Event: 3.138 Thread 0x000001c0a5834800 2080  s    4       java.util.Vector::addElement (38 bytes)
Event: 3.140 Thread 0x000001c0a5834800 nmethod 2080 0x000001c093800010 code [0x000001c093800160, 0x000001c093800528]
Event: 3.141 Thread 0x000001c0a584a000 nmethod 2079 0x000001c093804110 code [0x000001c093804660, 0x000001c093808000]
Event: 3.141 Thread 0x000001c0a584a000 2081       3       java.util.concurrent.ConcurrentHashMap::sumCount (48 bytes)
Event: 3.141 Thread 0x000001c0a584a000 nmethod 2081 0x000001c0937ffad0 code [0x000001c0937ffc40, 0x000001c0937ffef8]
Event: 3.141 Thread 0x000001c0a584a000 2082       3       sun.security.util.DerInputBuffer::getBigInteger (114 bytes)
Event: 3.141 Thread 0x000001c0a5834800 2084       4       java.util.regex.Pattern$Curly::match (86 bytes)
Event: 3.141 Thread 0x000001c0a584a000 nmethod 2082 0x000001c093800b10 code [0x000001c093800d20, 0x000001c093801870]
Event: 3.141 Thread 0x000001c0a584a000 2083   !   3       sun.security.x509.AlgorithmId::getName (89 bytes)
Event: 3.142 Thread 0x000001c0a584a000 nmethod 2083 0x000001c093802790 code [0x000001c093802a00, 0x000001c093803900]

GC Heap History (10 events):
Event: 1.559 GC heap before
{Heap before GC invocations=4 (full 0):
 PSYoungGen      total 17920K, used 17889K [0x00000000ec000000, 0x00000000ee300000, 0x0000000100000000)
  eden space 15360K, 100% used [0x00000000ec000000,0x00000000ecf00000,0x00000000ecf00000)
  from space 2560K, 98% used [0x00000000ecf00000,0x00000000ed1786c0,0x00000000ed180000)
  to   space 2560K, 0% used [0x00000000ee080000,0x00000000ee080000,0x00000000ee300000)
 ParOldGen       total 40960K, used 1502K [0x00000000c4000000, 0x00000000c6800000, 0x00000000ec000000)
  object space 40960K, 3% used [0x00000000c4000000,0x00000000c41778a8,0x00000000c6800000)
 Metaspace       used 12613K, capacity 12822K, committed 13056K, reserved 1060864K
  class space    used 1658K, capacity 1735K, committed 1792K, reserved 1048576K
Event: 1.564 GC heap after
Heap after GC invocations=4 (full 0):
 PSYoungGen      total 33280K, used 2542K [0x00000000ec000000, 0x00000000ee300000, 0x0000000100000000)
  eden space 30720K, 0% used [0x00000000ec000000,0x00000000ec000000,0x00000000ede00000)
  from space 2560K, 99% used [0x00000000ee080000,0x00000000ee2fbb78,0x00000000ee300000)
  to   space 2560K, 0% used [0x00000000ede00000,0x00000000ede00000,0x00000000ee080000)
 ParOldGen       total 40960K, used 2467K [0x00000000c4000000, 0x00000000c6800000, 0x00000000ec000000)
  object space 40960K, 6% used [0x00000000c4000000,0x00000000c4268c00,0x00000000c6800000)
 Metaspace       used 12613K, capacity 12822K, committed 13056K, reserved 1060864K
  class space    used 1658K, capacity 1735K, committed 1792K, reserved 1048576K
}
Event: 1.801 GC heap before
{Heap before GC invocations=5 (full 0):
 PSYoungGen      total 33280K, used 33262K [0x00000000ec000000, 0x00000000ee300000, 0x0000000100000000)
  eden space 30720K, 100% used [0x00000000ec000000,0x00000000ede00000,0x00000000ede00000)
  from space 2560K, 99% used [0x00000000ee080000,0x00000000ee2fbb78,0x00000000ee300000)
  to   space 2560K, 0% used [0x00000000ede00000,0x00000000ede00000,0x00000000ee080000)
 ParOldGen       total 40960K, used 2467K [0x00000000c4000000, 0x00000000c6800000, 0x00000000ec000000)
  object space 40960K, 6% used [0x00000000c4000000,0x00000000c4268c00,0x00000000c6800000)
 Metaspace       used 14286K, capacity 14518K, committed 14848K, reserved 1062912K
  class space    used 1919K, capacity 1975K, committed 2048K, reserved 1048576K
Event: 1.805 GC heap after
Heap after GC invocations=5 (full 0):
 PSYoungGen      total 33280K, used 2528K [0x00000000ec000000, 0x00000000f0600000, 0x0000000100000000)
  eden space 30720K, 0% used [0x00000000ec000000,0x00000000ec000000,0x00000000ede00000)
  from space 2560K, 98% used [0x00000000ede00000,0x00000000ee078210,0x00000000ee080000)
  to   space 5120K, 0% used [0x00000000f0100000,0x00000000f0100000,0x00000000f0600000)
 ParOldGen       total 40960K, used 4750K [0x00000000c4000000, 0x00000000c6800000, 0x00000000ec000000)
  object space 40960K, 11% used [0x00000000c4000000,0x00000000c44a38d0,0x00000000c6800000)
 Metaspace       used 14286K, capacity 14518K, committed 14848K, reserved 1062912K
  class space    used 1919K, capacity 1975K, committed 2048K, reserved 1048576K
}
Event: 2.258 GC heap before
{Heap before GC invocations=6 (full 0):
 PSYoungGen      total 33280K, used 33248K [0x00000000ec000000, 0x00000000f0600000, 0x0000000100000000)
  eden space 30720K, 100% used [0x00000000ec000000,0x00000000ede00000,0x00000000ede00000)
  from space 2560K, 98% used [0x00000000ede00000,0x00000000ee078210,0x00000000ee080000)
  to   space 5120K, 0% used [0x00000000f0100000,0x00000000f0100000,0x00000000f0600000)
 ParOldGen       total 40960K, used 4750K [0x00000000c4000000, 0x00000000c6800000, 0x00000000ec000000)
  object space 40960K, 11% used [0x00000000c4000000,0x00000000c44a38d0,0x00000000c6800000)
 Metaspace       used 19686K, capacity 20046K, committed 20224K, reserved 1067008K
  class space    used 2620K, capacity 2764K, committed 2816K, reserved 1048576K
Event: 2.263 GC heap after
Heap after GC invocations=6 (full 0):
 PSYoungGen      total 65024K, used 5114K [0x00000000ec000000, 0x00000000f0900000, 0x0000000100000000)
  eden space 59904K, 0% used [0x00000000ec000000,0x00000000ec000000,0x00000000efa80000)
  from space 5120K, 99% used [0x00000000f0100000,0x00000000f05fe990,0x00000000f0600000)
  to   space 6656K, 0% used [0x00000000efa80000,0x00000000efa80000,0x00000000f0100000)
 ParOldGen       total 40960K, used 5855K [0x00000000c4000000, 0x00000000c6800000, 0x00000000ec000000)
  object space 40960K, 14% used [0x00000000c4000000,0x00000000c45b7fb8,0x00000000c6800000)
 Metaspace       used 19686K, capacity 20046K, committed 20224K, reserved 1067008K
  class space    used 2620K, capacity 2764K, committed 2816K, reserved 1048576K
}
Event: 2.389 GC heap before
{Heap before GC invocations=7 (full 0):
 PSYoungGen      total 65024K, used 17056K [0x00000000ec000000, 0x00000000f0900000, 0x0000000100000000)
  eden space 59904K, 19% used [0x00000000ec000000,0x00000000ecba98e0,0x00000000efa80000)
  from space 5120K, 99% used [0x00000000f0100000,0x00000000f05fe990,0x00000000f0600000)
  to   space 6656K, 0% used [0x00000000efa80000,0x00000000efa80000,0x00000000f0100000)
 ParOldGen       total 40960K, used 5855K [0x00000000c4000000, 0x00000000c6800000, 0x00000000ec000000)
  object space 40960K, 14% used [0x00000000c4000000,0x00000000c45b7fb8,0x00000000c6800000)
 Metaspace       used 20813K, capacity 21208K, committed 21296K, reserved 1067008K
  class space    used 2749K, capacity 2919K, committed 2944K, reserved 1048576K
Event: 2.394 GC heap after
Heap after GC invocations=7 (full 0):
 PSYoungGen      total 66560K, used 4893K [0x00000000ec000000, 0x00000000f0900000, 0x0000000100000000)
  eden space 59904K, 0% used [0x00000000ec000000,0x00000000ec000000,0x00000000efa80000)
  from space 6656K, 73% used [0x00000000efa80000,0x00000000eff47610,0x00000000f0100000)
  to   space 5120K, 0% used [0x00000000f0100000,0x00000000f0100000,0x00000000f0600000)
 ParOldGen       total 40960K, used 7099K [0x00000000c4000000, 0x00000000c6800000, 0x00000000ec000000)
  object space 40960K, 17% used [0x00000000c4000000,0x00000000c46eecf0,0x00000000c6800000)
 Metaspace       used 20813K, capacity 21208K, committed 21296K, reserved 1067008K
  class space    used 2749K, capacity 2919K, committed 2944K, reserved 1048576K
}
Event: 2.394 GC heap before
{Heap before GC invocations=8 (full 1):
 PSYoungGen      total 66560K, used 4893K [0x00000000ec000000, 0x00000000f0900000, 0x0000000100000000)
  eden space 59904K, 0% used [0x00000000ec000000,0x00000000ec000000,0x00000000efa80000)
  from space 6656K, 73% used [0x00000000efa80000,0x00000000eff47610,0x00000000f0100000)
  to   space 5120K, 0% used [0x00000000f0100000,0x00000000f0100000,0x00000000f0600000)
 ParOldGen       total 40960K, used 7099K [0x00000000c4000000, 0x00000000c6800000, 0x00000000ec000000)
  object space 40960K, 17% used [0x00000000c4000000,0x00000000c46eecf0,0x00000000c6800000)
 Metaspace       used 20813K, capacity 21208K, committed 21296K, reserved 1067008K
  class space    used 2749K, capacity 2919K, committed 2944K, reserved 1048576K
Event: 2.422 GC heap after
Heap after GC invocations=8 (full 1):
 PSYoungGen      total 66560K, used 0K [0x00000000ec000000, 0x00000000f0900000, 0x0000000100000000)
  eden space 59904K, 0% used [0x00000000ec000000,0x00000000ec000000,0x00000000efa80000)
  from space 6656K, 0% used [0x00000000efa80000,0x00000000efa80000,0x00000000f0100000)
  to   space 5120K, 0% used [0x00000000f0100000,0x00000000f0100000,0x00000000f0600000)
 ParOldGen       total 30720K, used 6842K [0x00000000c4000000, 0x00000000c5e00000, 0x00000000ec000000)
  object space 30720K, 22% used [0x00000000c4000000,0x00000000c46ae910,0x00000000c5e00000)
 Metaspace       used 20813K, capacity 21208K, committed 21296K, reserved 1067008K
  class space    used 2749K, capacity 2919K, committed 2944K, reserved 1048576K
}

Deoptimization events (10 events):
Event: 2.988 Thread 0x000001c091870800 Uncommon trap: reason=bimorphic action=maybe_recompile pc=0x000001c09364d194 method=java.util.HashMap.putVal(ILjava/lang/Object;Ljava/lang/Object;ZZ)Ljava/lang/Object; @ 203
Event: 2.988 Thread 0x000001c091870800 Uncommon trap: reason=bimorphic action=maybe_recompile pc=0x000001c09364d194 method=java.util.HashMap.putVal(ILjava/lang/Object;Ljava/lang/Object;ZZ)Ljava/lang/Object; @ 203
Event: 2.989 Thread 0x000001c091870800 Uncommon trap: reason=bimorphic action=maybe_recompile pc=0x000001c09364d194 method=java.util.HashMap.putVal(ILjava/lang/Object;Ljava/lang/Object;ZZ)Ljava/lang/Object; @ 203
Event: 2.990 Thread 0x000001c091870800 Uncommon trap: reason=bimorphic action=maybe_recompile pc=0x000001c09364d194 method=java.util.HashMap.putVal(ILjava/lang/Object;Ljava/lang/Object;ZZ)Ljava/lang/Object; @ 203
Event: 2.994 Thread 0x000001c091870800 Uncommon trap: reason=unstable_if action=reinterpret pc=0x000001c093446f48 method=java.util.HashMap.putVal(ILjava/lang/Object;Ljava/lang/Object;ZZ)Ljava/lang/Object; @ 236
Event: 2.997 Thread 0x000001c091870800 Uncommon trap: reason=unstable_if action=reinterpret pc=0x000001c09350557c method=java.lang.CharacterDataLatin1.isWhitespace(I)Z @ 14
Event: 3.017 Thread 0x000001c091870800 Uncommon trap: reason=unstable_if action=reinterpret pc=0x000001c09372a12c method=java.security.CodeSource.getCertificates()[Ljava/security/cert/Certificate; @ 22
Event: 3.090 Thread 0x000001c091870800 Uncommon trap: reason=unstable_if action=reinterpret pc=0x000001c0937dffac method=java.io.ByteArrayInputStream.read([BII)I @ 63
Event: 3.091 Thread 0x000001c091870800 Uncommon trap: reason=unstable_if action=reinterpret pc=0x000001c093663d34 method=java.util.LinkedHashMap.get(Ljava/lang/Object;)Ljava/lang/Object; @ 20
Event: 3.137 Thread 0x000001c091870800 Uncommon trap: reason=unstable_if action=reinterpret pc=0x000001c0937a45d0 method=java.io.ByteArrayInputStream.read()I @ 8

Classes redefined (0 events):
No events

Internal exceptions (10 events):
Event: 1.189 Thread 0x000001c091870800 Exception <a 'java/lang/ArrayIndexOutOfBoundsException'> (0x00000000ecc2dd08) thrown at [C:\jenkins\workspace\8-2-build-windows-amd64-cygwin\jdk8u301\1513\hotspot\src\share\vm\runtime\sharedRuntime.cpp, line 609]
Event: 1.211 Thread 0x000001c091870800 Implicit null exception at 0x000001c0933126d6 to 0x000001c093312a79
Event: 1.212 Thread 0x000001c091870800 Implicit null exception at 0x000001c0932db299 to 0x000001c0932db659
Event: 1.296 Thread 0x000001c091870800 Exception <a 'java/lang/ArrayIndexOutOfBoundsException': 67> (0x00000000ec00f958) thrown at [C:\jenkins\workspace\8-2-build-windows-amd64-cygwin\jdk8u301\1513\hotspot\src\share\vm\interpreter\interpreterRuntime.cpp, line 371]
Event: 1.296 Thread 0x000001c091870800 Exception <a 'java/lang/ArrayIndexOutOfBoundsException': 139> (0x00000000ec013370) thrown at [C:\jenkins\workspace\8-2-build-windows-amd64-cygwin\jdk8u301\1513\hotspot\src\share\vm\interpreter\interpreterRuntime.cpp, line 371]
Event: 1.306 Thread 0x000001c091870800 Exception <a 'java/lang/NullPointerException'> (0x00000000ec0f4900) thrown at [C:\jenkins\workspace\8-2-build-windows-amd64-cygwin\jdk8u301\1513\hotspot\src\share\vm\interpreter\linkResolver.cpp, line 1185]
Event: 1.393 Thread 0x000001c091870800 Exception <a 'java/lang/NoSuchFieldError': method resolution failed> (0x00000000ec430fe8) thrown at [C:\jenkins\workspace\8-2-build-windows-amd64-cygwin\jdk8u301\1513\hotspot\src\share\vm\prims\methodHandles.cpp, line 1169]
Event: 1.395 Thread 0x000001c091870800 Exception <a 'java/lang/NoSuchFieldError': method resolution failed> (0x00000000ec43ee78) thrown at [C:\jenkins\workspace\8-2-build-windows-amd64-cygwin\jdk8u301\1513\hotspot\src\share\vm\prims\methodHandles.cpp, line 1169]
Event: 2.275 Thread 0x000001c091870800 Implicit null exception at 0x000001c09350eb7b to 0x000001c09350f199
Event: 2.459 Thread 0x000001c091870800 Implicit null exception at 0x000001c09366a65b to 0x000001c09366aba1

Events (10 events):
Event: 3.140 loading class java/security/interfaces/DSAKey
Event: 3.140 loading class java/security/interfaces/DSAKey done
Event: 3.140 loading class java/security/interfaces/DSAPublicKey done
Event: 3.140 loading class sun/security/provider/DSAPublicKey done
Event: 3.140 loading class sun/security/provider/DSAPublicKeyImpl done
Event: 3.141 loading class sun/security/validator/Validator
Event: 3.142 loading class sun/security/validator/Validator done
Event: 3.142 loading class sun/security/validator/SimpleValidator
Event: 3.142 loading class sun/security/validator/SimpleValidator done
Event: 3.142 loading class sun/security/validator/EndEntityChecker


Dynamic libraries:
0x00007ff79b2c0000 - 0x00007ff79b307000 	C:\Program Files\Java\jdk1.8.0_301\jre\bin\java.exe
0x00007fffffa10000 - 0x00007fffffc05000 	C:\Windows\SYSTEM32\ntdll.dll
0x00007ffffe9b0000 - 0x00007ffffea6e000 	C:\Windows\System32\KERNEL32.DLL
0x00007ffffd260000 - 0x00007ffffd528000 	C:\Windows\System32\KERNELBASE.dll
0x00007ffffdf10000 - 0x00007ffffdfbc000 	C:\Windows\System32\ADVAPI32.dll
0x00007ffffe180000 - 0x00007ffffe21e000 	C:\Windows\System32\msvcrt.dll
0x00007ffffda60000 - 0x00007ffffdafb000 	C:\Windows\System32\sechost.dll
0x00007ffffeb90000 - 0x00007ffffecba000 	C:\Windows\System32\RPCRT4.dll
0x00007ffffdb00000 - 0x00007ffffdca1000 	C:\Windows\System32\USER32.dll
0x00007ffffd7c0000 - 0x00007ffffd7e2000 	C:\Windows\System32\win32u.dll
0x00007ffffe5c0000 - 0x00007ffffe5eb000 	C:\Windows\System32\GDI32.dll
0x00007ffffd620000 - 0x00007ffffd72b000 	C:\Windows\System32\gdi32full.dll
0x00007ffffd530000 - 0x00007ffffd5cd000 	C:\Windows\System32\msvcp_win.dll
0x00007ffffd160000 - 0x00007ffffd260000 	C:\Windows\System32\ucrtbase.dll
0x00007ffffc4d0000 - 0x00007ffffc76a000 	C:\Windows\WinSxS\amd64_microsoft.windows.common-controls_6595b64144ccf1df_6.0.19041.1110_none_60b5254171f9507e\COMCTL32.dll
0x00007ffffe2f0000 - 0x00007ffffe320000 	C:\Windows\System32\IMM32.DLL
0x00007ffff7b40000 - 0x00007ffff7b55000 	C:\Program Files\Java\jdk1.8.0_301\jre\bin\vcruntime140.dll
0x00007fffd64c0000 - 0x00007fffd655b000 	C:\Program Files\Java\jdk1.8.0_301\jre\bin\msvcp140.dll
0x0000000055bc0000 - 0x0000000056420000 	C:\Program Files\Java\jdk1.8.0_301\jre\bin\server\jvm.dll
0x00007ffffdfc0000 - 0x00007ffffdfc8000 	C:\Windows\System32\PSAPI.DLL
0x00007fffed980000 - 0x00007fffed989000 	C:\Windows\SYSTEM32\WSOCK32.dll
0x00007fffe4190000 - 0x00007fffe41b7000 	C:\Windows\SYSTEM32\WINMM.dll
0x00007ffffeb20000 - 0x00007ffffeb8b000 	C:\Windows\System32\WS2_32.dll
0x00007ffffb8b0000 - 0x00007ffffb8ba000 	C:\Windows\SYSTEM32\VERSION.dll
0x00007ffffb870000 - 0x00007ffffb882000 	C:\Windows\SYSTEM32\kernel.appcore.dll
0x00007ffff7ad0000 - 0x00007ffff7ae0000 	C:\Program Files\Java\jdk1.8.0_301\jre\bin\verify.dll
0x00007fffe8550000 - 0x00007fffe857b000 	C:\Program Files\Java\jdk1.8.0_301\jre\bin\java.dll
0x00007ffff5bd0000 - 0x00007ffff5be8000 	C:\Program Files\Java\jdk1.8.0_301\jre\bin\zip.dll
0x00007ffffed20000 - 0x00007fffff45f000 	C:\Windows\System32\SHELL32.dll
0x00007ffffb0e0000 - 0x00007ffffb870000 	C:\Windows\SYSTEM32\windows.storage.dll
0x00007ffffe650000 - 0x00007ffffe9a5000 	C:\Windows\System32\combase.dll
0x00007ffffc430000 - 0x00007ffffc45e000 	C:\Windows\SYSTEM32\Wldp.dll
0x00007ffffea70000 - 0x00007ffffeb1d000 	C:\Windows\System32\SHCORE.dll
0x00007ffffe5f0000 - 0x00007ffffe645000 	C:\Windows\System32\shlwapi.dll
0x00007ffffd070000 - 0x00007ffffd08f000 	C:\Windows\SYSTEM32\profapi.dll
0x00007ffffcde0000 - 0x00007ffffcdf8000 	C:\Windows\SYSTEM32\CRYPTSP.dll
0x00007ffffbb30000 - 0x00007ffffbb64000 	C:\Windows\system32\rsaenh.dll
0x00007ffffd130000 - 0x00007ffffd157000 	C:\Windows\System32\bcrypt.dll
0x00007ffffd030000 - 0x00007ffffd05e000 	C:\Windows\SYSTEM32\USERENV.dll
0x00007ffffd730000 - 0x00007ffffd7b3000 	C:\Windows\System32\bcryptprimitives.dll
0x00007ffffc3f0000 - 0x00007ffffc3fc000 	C:\Windows\SYSTEM32\CRYPTBASE.dll
0x00007ffff5a70000 - 0x00007ffff5a8c000 	C:\Program Files\Java\jdk1.8.0_301\jre\bin\net.dll
0x00007ffffc300000 - 0x00007ffffc36a000 	C:\Windows\system32\mswsock.dll
0x00007ffffbe80000 - 0x00007ffffbebb000 	C:\Windows\SYSTEM32\IPHLPAPI.DLL
0x00007ffffdd10000 - 0x00007ffffdd18000 	C:\Windows\System32\NSI.dll
0x00007fffed2f0000 - 0x00007fffed307000 	C:\Windows\SYSTEM32\dhcpcsvc6.DLL
0x00007ffff0e30000 - 0x00007ffff0e4d000 	C:\Windows\SYSTEM32\dhcpcsvc.DLL
0x00007ffffbec0000 - 0x00007ffffbf8b000 	C:\Windows\SYSTEM32\DNSAPI.dll
0x00007ffff3c40000 - 0x00007ffff3c53000 	C:\Program Files\Java\jdk1.8.0_301\jre\bin\nio.dll
0x00007fffe95d0000 - 0x00007fffe95dd000 	C:\Program Files\Java\jdk1.8.0_301\jre\bin\management.dll
0x00007fffa4930000 - 0x00007fffa4947000 	C:\Windows\system32\napinsp.dll
0x00007fffa4910000 - 0x00007fffa492b000 	C:\Windows\system32\pnrpnsp.dll
0x00007ffff6f70000 - 0x00007ffff6f85000 	C:\Windows\system32\wshbth.dll
0x00007ffff7a80000 - 0x00007ffff7a9d000 	C:\Windows\system32\NLAapi.dll
0x00007fffa48f0000 - 0x00007fffa4902000 	C:\Windows\System32\winrnr.dll
0x00007fffea530000 - 0x00007fffea53a000 	C:\Windows\System32\rasadhlp.dll
0x00007fffea5d0000 - 0x00007fffea64f000 	C:\Windows\System32\fwpuclnt.dll
0x00007fffe3f50000 - 0x00007fffe3f74000 	C:\Program Files\Java\jdk1.8.0_301\jre\bin\sunec.dll
0x00007fffe8540000 - 0x00007fffe854d000 	C:\Program Files\Java\jdk1.8.0_301\jre\bin\sunmscapi.dll
0x00007ffffd900000 - 0x00007ffffda56000 	C:\Windows\System32\CRYPT32.dll
0x00007ffffc4a0000 - 0x00007ffffc4c7000 	C:\Windows\SYSTEM32\ncrypt.dll
0x00007ffffc460000 - 0x00007ffffc49b000 	C:\Windows\SYSTEM32\NTASN1.dll
0x00007ffffca50000 - 0x00007ffffcc34000 	C:\Windows\SYSTEM32\dbghelp.dll

VM Arguments:
java_command: C:\Users\lavig\eclipse-workspace\JustEastTakeaway\target\surefire\surefirebooter2616103790838422337.jar C:\Users\lavig\eclipse-workspace\JustEastTakeaway\target\surefire\surefire993659370506202218tmp C:\Users\lavig\eclipse-workspace\JustEastTakeaway\target\surefire\surefire_01000272718947583239tmp
java_class_path (initial): C:\Users\lavig\eclipse-workspace\JustEastTakeaway\target\surefire\surefirebooter2616103790838422337.jar
Launcher Type: SUN_STANDARD

Environment Variables:
JAVA_HOME=C:\Program Files\Java\jdk1.8.0_301
PATH=C:/Users/lavig/.p2/pool/plugins/org.eclipse.justj.openjdk.hotspot.jre.full.win32.x86_64_14.0.2.v20200815-0932/jre/bin/server;C:/Users/lavig/.p2/pool/plugins/org.eclipse.justj.openjdk.hotspot.jre.full.win32.x86_64_14.0.2.v20200815-0932/jre/bin;C:\Program Files (x86)\Common Files\Oracle\Java\javapath;C:\Windows\system32;C:\Windows;C:\Windows\System32\Wbem;C:\Windows\System32\WindowsPowerShell\v1.0\;C:\Windows\System32\OpenSSH\;C:\Program Files\Git\cmd;C:\Program Files\nodejs\;C:\Program Files\Java\jdk1.8.0_301\bin;C:\Users\lavig\AppData\Local\Android\Sdk\tools\bin;C:\Users\lavig\AppData\Local\Android\Sdk\tools;C:\Users\lavig\AppData\Local\Android\Sdk\platform-tools;C:\Program Files\nodejs\node_modules\npm\bin;C:\Users\lavig\AppData\Local\Android\Sdk\tools\lib\x86_64;C:\Users\lavig\AppData\Local\Android\Sdk;C:\Program Files\Java\jre1.8.0_301\bin;C:\Users\lavig\AppData\Local\Microsoft\WindowsApps;C:\Users\lavig\AppData\Local\Programs\Microsoft VS Code\bin;C:\Users\lavig\AppData\Roaming\npm;C:\Maven\apache-maven-3.8.1\bin;;C:\Users\lavig\Desktop;
USERNAME=lavig
OS=Windows_NT
PROCESSOR_IDENTIFIER=Intel64 Family 6 Model 126 Stepping 5, GenuineIntel



---------------  S Y S T E M  ---------------

OS: Windows 10.0 , 64 bit Build 19041 (10.0.19041.1348)

CPU:total 4 (initial active 4) (2 cores per cpu, 2 threads per core) family 6 model 126 stepping 5, cmov, cx8, fxsr, mmx, sse, sse2, sse3, ssse3, sse4.1, sse4.2, popcnt, avx, avx2, aes, clmul, erms, 3dnowpref, lzcnt, ht, tsc, tscinvbit, bmi1, bmi2, adx

Memory: 4k page, physical 3930488k(161172k free), swap 15989112k(3252k free)

vm_info: Java HotSpot(TM) 64-Bit Server VM (25.301-b09) for windows-amd64 JRE (1.8.0_301-b09), built on Jun  9 2021 06:46:21 by "java_re" with MS VC++ 15.9 (VS2017)

time: Tue Dec 28 01:14:29 2021
timezone: India Standard Time
elapsed time: 3.167504 seconds (0d 0h 0m 3s)

